2023-02-12 19:46:26,381 [Worker-2: Loading available Gradle versions] INFO  o.e.b.c.i.u.g.PublishedGradleVersions - Gradle version information cache is out-of-date. Trying to update.
2023-02-12 20:05:15,337 [Worker-15: Enabling Maven Dependency Management] INFO  o.e.m.c.i.l.LifecycleMappingFactory - Using org.eclipse.m2e.jdt.JarLifecycleMapping lifecycle mapping for MavenProject: kitchen-story-project-master:kitchen-story-project-master:0.0.1-SNAPSHOT @ C:\Users\ASUS\Downloads\kitchen-story-project-master\kitchen-story-project-master\pom.xml.
2023-02-12 20:05:19,312 [Worker-12: Building] WARN  o.e.m.c.i.embedder.EclipseLogger - Using platform encoding (Cp1252 actually) to copy filtered resources, i.e. build is platform dependent!
2023-02-12 20:05:19,314 [Worker-12: Building] INFO  o.e.m.c.i.embedder.EclipseLogger - skip non existing resourceDirectory C:\Users\ASUS\Downloads\kitchen-story-project-master\kitchen-story-project-master\src\main\resources
2023-02-12 20:05:19,320 [Worker-12: Building] WARN  o.e.m.c.i.embedder.EclipseLogger - Using platform encoding (Cp1252 actually) to copy filtered resources, i.e. build is platform dependent!
2023-02-12 20:05:19,322 [Worker-12: Building] INFO  o.e.m.c.i.embedder.EclipseLogger - skip non existing resourceDirectory C:\Users\ASUS\Downloads\kitchen-story-project-master\kitchen-story-project-master\src\test\resources
2023-02-12 20:05:20,046 [Worker-15: Enabling Maven Dependency Management] INFO  o.e.m.j.i.AbstractJavaProjectConfigurator - Adding source folder /kitchen-story-project-master/src/main/java
2023-02-12 20:05:20,060 [Worker-15: Enabling Maven Dependency Management] INFO  o.e.m.j.i.AbstractJavaProjectConfigurator - Adding source folder /kitchen-story-project-master/src/test/java
2023-02-12 20:05:22,676 [Worker-15: Enabling Maven Dependency Management] INFO  o.e.m.c.i.p.ProjectConfigurationManager - Update started
2023-02-12 20:05:24,443 [Worker-15: Enabling Maven Dependency Management] INFO  o.e.m.c.i.l.LifecycleMappingFactory - Using org.eclipse.m2e.jdt.JarLifecycleMapping lifecycle mapping for MavenProject: kitchen-story-project-master:kitchen-story-project-master:0.0.1-SNAPSHOT @ C:\Users\ASUS\Downloads\kitchen-story-project-master\kitchen-story-project-master\pom.xml.
2023-02-12 20:05:24,970 [Worker-13: Building] WARN  o.e.m.c.i.embedder.EclipseLogger - Using platform encoding (Cp1252 actually) to copy filtered resources, i.e. build is platform dependent!
2023-02-12 20:05:24,972 [Worker-13: Building] INFO  o.e.m.c.i.embedder.EclipseLogger - skip non existing resourceDirectory C:\Users\ASUS\Downloads\kitchen-story-project-master\kitchen-story-project-master\src\main\resources
2023-02-12 20:05:24,978 [Worker-13: Building] WARN  o.e.m.c.i.embedder.EclipseLogger - Using platform encoding (Cp1252 actually) to copy filtered resources, i.e. build is platform dependent!
2023-02-12 20:05:24,979 [Worker-13: Building] INFO  o.e.m.c.i.embedder.EclipseLogger - skip non existing resourceDirectory C:\Users\ASUS\Downloads\kitchen-story-project-master\kitchen-story-project-master\src\test\resources
2023-02-12 20:05:25,678 [Worker-15: Enabling Maven Dependency Management] INFO  o.e.m.j.i.AbstractJavaProjectConfigurator - Adding source folder /kitchen-story-project-master/src/main/java
2023-02-12 20:05:25,680 [Worker-15: Enabling Maven Dependency Management] INFO  o.e.m.j.i.AbstractJavaProjectConfigurator - Adding source folder /kitchen-story-project-master/src/test/java
2023-02-12 20:05:26,032 [Worker-15: Enabling Maven Dependency Management] INFO  o.e.m.c.i.p.ProjectConfigurationManager - Update completed for 1 poms: local refresh takes 0.00 sec, refresh facades takes 1.00 sec, update config takes 1.00 sec 
2023-02-12 20:05:26,692 [Worker-13: Building] WARN  o.e.m.c.i.embedder.EclipseLogger - Using platform encoding (Cp1252 actually) to copy filtered resources, i.e. build is platform dependent!
2023-02-12 20:05:26,694 [Worker-13: Building] INFO  o.e.m.c.i.embedder.EclipseLogger - skip non existing resourceDirectory C:\Users\ASUS\Downloads\kitchen-story-project-master\kitchen-story-project-master\src\main\resources
2023-02-12 20:05:26,698 [Worker-13: Building] WARN  o.e.m.c.i.embedder.EclipseLogger - Using platform encoding (Cp1252 actually) to copy filtered resources, i.e. build is platform dependent!
2023-02-12 20:05:26,700 [Worker-13: Building] INFO  o.e.m.c.i.embedder.EclipseLogger - skip non existing resourceDirectory C:\Users\ASUS\Downloads\kitchen-story-project-master\kitchen-story-project-master\src\test\resources
2023-02-12 20:06:07,066 [Worker-12: Building] WARN  o.e.m.c.i.embedder.EclipseLogger - Using platform encoding (Cp1252 actually) to copy filtered resources, i.e. build is platform dependent!
2023-02-12 20:06:07,066 [Worker-12: Building] INFO  o.e.m.c.i.embedder.EclipseLogger - skip non existing resourceDirectory C:\Users\ASUS\Downloads\kitchen-story-project-master\kitchen-story-project-master\src\main\resources
2023-02-12 20:06:07,066 [Worker-12: Building] WARN  o.e.m.c.i.embedder.EclipseLogger - Using platform encoding (Cp1252 actually) to copy filtered resources, i.e. build is platform dependent!
2023-02-12 20:06:07,066 [Worker-12: Building] INFO  o.e.m.c.i.embedder.EclipseLogger - skip non existing resourceDirectory C:\Users\ASUS\Downloads\kitchen-story-project-master\kitchen-story-project-master\src\test\resources
